Oct-13 16:34:35.030 [main] DEBUG nextflow.cli.Launcher - $> /nix/store/62qfl23iy1m9fzb5l8p0pqgvbby50b0p-nextflow/bin/.nextflow-wrapped run tests/main.nf
Oct-13 16:34:35.323 [main] INFO  nextflow.cli.CmdRun - N E X T F L O W  ~  version 22.10.0
Oct-13 16:34:35.398 [main] DEBUG nextflow.plugin.PluginsFacade - Setting up plugin manager > mode=prod; embedded=false; plugins-dir=/home/david/.nextflow/plugins; core-plugins: nf-amazon@1.11.0,nf-azure@0.14.2,nf-codecommit@0.1.2,nf-console@1.0.4,nf-ga4gh@1.0.4,nf-google@1.4.4,nf-tower@1.5.5,nf-wave@0.5.2
Oct-13 16:34:35.433 [main] INFO  org.pf4j.DefaultPluginStatusProvider - Enabled plugins: []
Oct-13 16:34:35.437 [main] INFO  org.pf4j.DefaultPluginStatusProvider - Disabled plugins: []
Oct-13 16:34:35.451 [main] INFO  org.pf4j.DefaultPluginManager - PF4J version 3.4.1 in 'deployment' mode
Oct-13 16:34:35.491 [main] INFO  org.pf4j.AbstractPluginManager - No plugins
Oct-13 16:34:35.675 [main] DEBUG nextflow.cli.CmdRun - Applied DSL=2 by global default
Oct-13 16:34:35.736 [main] INFO  nextflow.cli.CmdRun - Launching `tests/main.nf` [kickass_spence] DSL2 - revision: 55ad3e0432
Oct-13 16:34:35.739 [main] DEBUG nextflow.plugin.PluginsFacade - Plugins default=[]
Oct-13 16:34:35.740 [main] DEBUG nextflow.plugin.PluginsFacade - Plugins resolved requirement=[]
Oct-13 16:34:35.773 [main] DEBUG nextflow.secret.LocalSecretsProvider - Secrets store: /home/david/.nextflow/secrets/store.json
Oct-13 16:34:35.803 [main] DEBUG nextflow.secret.SecretsLoader - Discovered secrets providers: [nextflow.secret.LocalSecretsProvider@64e1dd11] - activable => nextflow.secret.LocalSecretsProvider@64e1dd11
Oct-13 16:34:36.058 [main] DEBUG nextflow.Session - Session UUID: 7939053a-0137-42c9-91a0-9cea975433b1
Oct-13 16:34:36.058 [main] DEBUG nextflow.Session - Run name: kickass_spence
Oct-13 16:34:36.058 [main] DEBUG nextflow.Session - Executor pool size: 8
Oct-13 16:34:36.099 [main] DEBUG nextflow.util.ThreadPoolBuilder - Creating thread pool 'FileTransfer' minSize=10; maxSize=24; workQueue=LinkedBlockingQueue[10000]; allowCoreThreadTimeout=false
Oct-13 16:34:36.203 [main] DEBUG nextflow.cli.CmdRun - 
  Version: 22.10.0 build 5826
  Created: 13-10-2022 05:44 UTC (05:44 GMT)
  System: Linux 5.15.72
  Runtime: Groovy 3.0.13 on OpenJDK 64-Bit Server VM 17.0.4+8-nixos
  Encoding: UTF-8 (UTF-8)
  Process: 178158@work [127.0.0.2]
  CPUs: 8 - Mem: 7.6 GB (362.9 MB) - Swap: 9.8 GB (9.8 GB)
Oct-13 16:34:36.379 [main] DEBUG nextflow.Session - Work-dir: /home/david/Documents/CCHMC/nextflowFlake/work [ext2/ext3]
Oct-13 16:34:36.380 [main] DEBUG nextflow.Session - Script base path does not exist or is not a directory: /home/david/Documents/CCHMC/nextflowFlake/tests/bin
Oct-13 16:34:36.416 [main] DEBUG nextflow.executor.ExecutorFactory - Extension executors providers=[]
Oct-13 16:34:36.490 [main] DEBUG nextflow.Session - Observer factory: DefaultObserverFactory
Oct-13 16:34:36.567 [main] DEBUG nextflow.cache.CacheFactory - Using Nextflow cache factory: nextflow.cache.DefaultCacheFactory
Oct-13 16:34:36.606 [main] DEBUG nextflow.util.CustomThreadPool - Creating default thread pool > poolSize: 9; maxThreads: 1000
Oct-13 16:34:36.850 [main] DEBUG nextflow.Session - Session start
Oct-13 16:34:39.021 [main] DEBUG nextflow.script.ScriptRunner - > Launching execution
Oct-13 16:34:39.379 [main] DEBUG nextflow.executor.ExecutorFactory - << taskConfig executor: null
Oct-13 16:34:39.381 [main] DEBUG nextflow.executor.ExecutorFactory - >> processorType: 'local'
Oct-13 16:34:39.404 [main] DEBUG nextflow.executor.Executor - [warm up] executor > local
Oct-13 16:34:39.428 [main] DEBUG n.processor.LocalPollingMonitor - Creating local task monitor for executor 'local' > cpus=8; memory=7.6 GB; capacity=8; pollInterval=100ms; dumpInterval=5m
Oct-13 16:34:39.977 [main] DEBUG nextflow.executor.ExecutorFactory - << taskConfig executor: null
Oct-13 16:34:39.977 [main] DEBUG nextflow.executor.ExecutorFactory - >> processorType: 'local'
Oct-13 16:34:40.057 [main] DEBUG nextflow.Session - Workflow process names [dsl2]: convertToUpper, splitLetters
Oct-13 16:34:40.061 [main] DEBUG nextflow.Session - Igniting dataflow network (2)
Oct-13 16:34:40.063 [main] DEBUG nextflow.processor.TaskProcessor - Starting process > splitLetters
Oct-13 16:34:40.067 [main] DEBUG nextflow.processor.TaskProcessor - Starting process > convertToUpper
Oct-13 16:34:40.070 [main] DEBUG nextflow.script.ScriptRunner - > Awaiting termination 
Oct-13 16:34:40.070 [main] DEBUG nextflow.Session - Session await
Oct-13 16:34:40.611 [Task submitter] DEBUG n.executor.local.LocalTaskHandler - Launch cmd line: /bin/bash -ue .command.run
Oct-13 16:34:40.623 [Task submitter] INFO  nextflow.Session - [19/dd1494] Submitted process > splitLetters
Oct-13 16:34:40.807 [Task monitor] DEBUG n.processor.TaskPollingMonitor - Task completed > TaskHandler[id: 1; name: splitLetters; status: COMPLETED; exit: 0; error: -; workDir: /home/david/Documents/CCHMC/nextflowFlake/work/19/dd149451565b85f330952ee29e9b8f]
Oct-13 16:34:41.017 [Task submitter] DEBUG n.executor.local.LocalTaskHandler - Launch cmd line: /bin/bash -ue .command.run
Oct-13 16:34:41.019 [Task submitter] INFO  nextflow.Session - [86/93b741] Submitted process > convertToUpper (2)
Oct-13 16:34:41.043 [Task submitter] DEBUG n.executor.local.LocalTaskHandler - Launch cmd line: /bin/bash -ue .command.run
Oct-13 16:34:41.047 [Task submitter] INFO  nextflow.Session - [5a/5d40d1] Submitted process > convertToUpper (1)
Oct-13 16:34:41.272 [Task monitor] DEBUG n.processor.TaskPollingMonitor - Task completed > TaskHandler[id: 3; name: convertToUpper (2); status: COMPLETED; exit: 0; error: -; workDir: /home/david/Documents/CCHMC/nextflowFlake/work/86/93b741fbd616a41a49cca5bbb67fc2]
Oct-13 16:34:41.281 [Task monitor] DEBUG n.processor.TaskPollingMonitor - Task completed > TaskHandler[id: 2; name: convertToUpper (1); status: COMPLETED; exit: 0; error: -; workDir: /home/david/Documents/CCHMC/nextflowFlake/work/5a/5d40d1f5a648b0a84e0b639922c9b9]
Oct-13 16:34:41.288 [main] DEBUG nextflow.Session - Session await > all processes finished
Oct-13 16:34:41.294 [main] DEBUG nextflow.Session - Session await > all barriers passed
Oct-13 16:34:41.319 [main] DEBUG nextflow.trace.WorkflowStatsObserver - Workflow completed > WorkflowStats[succeededCount=3; failedCount=0; ignoredCount=0; cachedCount=0; pendingCount=0; submittedCount=0; runningCount=0; retriesCount=0; abortedCount=0; succeedDuration=119ms; failedDuration=0ms; cachedDuration=0ms;loadCpus=0; loadMemory=0; peakRunning=2; peakCpus=2; peakMemory=0; ]
Oct-13 16:34:41.654 [main] DEBUG nextflow.cache.CacheDB - Closing CacheDB done
Oct-13 16:34:41.690 [main] DEBUG nextflow.util.ThreadPoolManager - Thread pool 'FileTransfer' shutdown completed (hard=false)
Oct-13 16:34:41.691 [main] DEBUG nextflow.script.ScriptRunner - > Execution complete -- Goodbye
